# JRE version: OpenJDK Runtime Environment Corretto-16.0.2.7.1 (16.0.2+7) (build 16.0.2+7)
# Java VM: OpenJDK 64-Bit Server VM Corretto-16.0.2.7.1 (16.0.2+7, mixed mode, sharing, tiered, compressed oops, compressed class ptrs, g1 gc, linux-amd64)
GC Precious Log:
 CPUs: 6 total, 6 available
 Memory: 4925M
 Large P Support: Disabled
 NUMA Support: Disabled
 Compressed Oops: Enabled (32-bit)
 Heap Region Size: 1M
 Heap Min Capacity: 8M
 Heap Initial Capacity: 78M
 Heap Max Capacity: 1232M
 Pre-touch: Disabled
 Parallel Workers: 6
 Concurrent Workers: 2
 Concurrent Refinement Workers: 6
 Periodic GC: Disabled
Heap:
 garbage-first heap   total 156672K, used 77816K [0x00000000b3000000, 0x0000000100000000)
  region size 1024K, 4 young (4096K), 1 survivors (1024K)
 Metaspace       used 86199K, committed 86976K, reserved 1130496K
  class space    used 10857K, committed 11136K, reserved 1048576K
GC Heap History (20 events):
Event: 703.802 GC heap before
{Heap before GC invocations=26 (full 0):
 garbage-first heap   total 130048K, used 66631K [0x00000000b3000000, 0x0000000100000000)
  region size 1024K, 6 young (6144K), 1 survivors (1024K)
 Metaspace       used 86419K, committed 86848K, reserved 1130496K
  class space    used 10912K, committed 11136K, reserved 1048576K
}
Event: 703.821 GC heap after
{Heap after GC invocations=27 (full 0):
 garbage-first heap   total 130048K, used 62543K [0x00000000b3000000, 0x0000000100000000)
  region size 1024K, 1 young (1024K), 1 survivors (1024K)
 Metaspace       used 86419K, committed 86848K, reserved 1130496K
  class space    used 10912K, committed 11136K, reserved 1048576K
}
Event: 742.088 GC heap before
{Heap before GC invocations=27 (full 0):
 garbage-first heap   total 130048K, used 67663K [0x00000000b3000000, 0x0000000100000000)
  region size 1024K, 6 young (6144K), 1 survivors (1024K)
 Metaspace       used 86419K, committed 86848K, reserved 1130496K
  class space    used 10912K, committed 11136K, reserved 1048576K
}
Event: 742.132 GC heap after
{Heap after GC invocations=28 (full 0):
 garbage-first heap   total 156672K, used 63654K [0x00000000b3000000, 0x0000000100000000)
  region size 1024K, 1 young (1024K), 1 survivors (1024K)
 Metaspace       used 86419K, committed 86848K, reserved 1130496K
  class space    used 10912K, committed 11136K, reserved 1048576K
}
Event: 787.906 GC heap before
{Heap before GC invocations=29 (full 0):
 garbage-first heap   total 156672K, used 69798K [0x00000000b3000000, 0x0000000100000000)
  region size 1024K, 7 young (7168K), 1 survivors (1024K)
 Metaspace       used 86419K, committed 86848K, reserved 1130496K
  class space    used 10912K, committed 11136K, reserved 1048576K
}
Event: 787.936 GC heap after
{Heap after GC invocations=30 (full 0):
 garbage-first heap   total 156672K, used 64953K [0x00000000b3000000, 0x0000000100000000)
  region size 1024K, 1 young (1024K), 1 survivors (1024K)
 Metaspace       used 86419K, committed 86848K, reserved 1130496K
  class space    used 10912K, committed 11136K, reserved 1048576K
}
Event: 876.675 GC heap before
{Heap before GC invocations=30 (full 0):
 garbage-first heap   total 156672K, used 76217K [0x00000000b3000000, 0x0000000100000000)
  region size 1024K, 12 young (12288K), 1 survivors (1024K)
 Metaspace       used 86419K, committed 86848K, reserved 1130496K
  class space    used 10912K, committed 11136K, reserved 1048576K
}
Event: 876.678 GC heap after
{Heap after GC invocations=31 (full 0):
 garbage-first heap   total 156672K, used 66988K [0x00000000b3000000, 0x0000000100000000)
  region size 1024K, 2 young (2048K), 2 survivors (2048K)
 Metaspace       used 86419K, committed 86848K, reserved 1130496K
  class space    used 10912K, committed 11136K, reserved 1048576K
}
Event: 985.292 GC heap before
{Heap before GC invocations=31 (full 0):
 garbage-first heap   total 156672K, used 81324K [0x00000000b3000000, 0x0000000100000000)
  region size 1024K, 16 young (16384K), 2 survivors (2048K)
 Metaspace       used 86419K, committed 86848K, reserved 1130496K
  class space    used 10912K, committed 11136K, reserved 1048576K
}
Event: 985.711 GC heap after
{Heap after GC invocations=32 (full 0):
 garbage-first heap   total 156672K, used 69870K [0x00000000b3000000, 0x0000000100000000)
  region size 1024K, 2 young (2048K), 2 survivors (2048K)
 Metaspace       used 86419K, committed 86848K, reserved 1130496K
  class space    used 10912K, committed 11136K, reserved 1048576K
}
Event: 1026.724 GC heap before
{Heap before GC invocations=32 (full 0):
 garbage-first heap   total 156672K, used 74990K [0x00000000b3000000, 0x0000000100000000)
  region size 1024K, 7 young (7168K), 2 survivors (2048K)
 Metaspace       used 86419K, committed 86848K, reserved 1130496K
  class space    used 10912K, committed 11136K, reserved 1048576K
}
Event: 1026.772 GC heap after
{Heap after GC invocations=33 (full 0):
 garbage-first heap   total 156672K, used 71076K [0x00000000b3000000, 0x0000000100000000)
  region size 1024K, 1 young (1024K), 1 survivors (1024K)
 Metaspace       used 86419K, committed 86848K, reserved 1130496K
  class space    used 10912K, committed 11136K, reserved 1048576K
}
Event: 1091.839 GC heap before
{Heap before GC invocations=34 (full 0):
 garbage-first heap   total 156672K, used 80292K [0x00000000b3000000, 0x0000000100000000)
  region size 1024K, 10 young (10240K), 1 survivors (1024K)
 Metaspace       used 86419K, committed 86848K, reserved 1130496K
  class space    used 10912K, committed 11136K, reserved 1048576K
}
Event: 1091.881 GC heap after
{Heap after GC invocations=35 (full 0):
 garbage-first heap   total 156672K, used 72856K [0x00000000b3000000, 0x0000000100000000)
  region size 1024K, 2 young (2048K), 2 survivors (2048K)
 Metaspace       used 86419K, committed 86848K, reserved 1130496K
  class space    used 10912K, committed 11136K, reserved 1048576K
}
Event: 1179.304 GC heap before
{Heap before GC invocations=35 (full 0):
 garbage-first heap   total 156672K, used 84120K [0x00000000b3000000, 0x0000000100000000)
  region size 1024K, 13 young (13312K), 2 survivors (2048K)
 Metaspace       used 86419K, committed 86848K, reserved 1130496K
  class space    used 10912K, committed 11136K, reserved 1048576K
}
Event: 1179.394 GC heap after
{Heap after GC invocations=36 (full 0):
 garbage-first heap   total 156672K, used 75112K [0x00000000b3000000, 0x0000000100000000)
  region size 1024K, 2 young (2048K), 2 survivors (2048K)
 Metaspace       used 86419K, committed 86848K, reserved 1130496K
  class space    used 10912K, committed 11136K, reserved 1048576K
}
Event: 1284.269 GC heap before
{Heap before GC invocations=37 (full 0):
 garbage-first heap   total 156672K, used 86376K [0x00000000b3000000, 0x0000000100000000)
  region size 1024K, 13 young (13312K), 2 survivors (2048K)
 Metaspace       used 86184K, committed 86912K, reserved 1130496K
  class space    used 10856K, committed 11136K, reserved 1048576K
}
Event: 1284.394 GC heap after
{Heap after GC invocations=38 (full 0):
 garbage-first heap   total 156672K, used 77360K [0x00000000b3000000, 0x0000000100000000)
  region size 1024K, 2 young (2048K), 2 survivors (2048K)
 Metaspace       used 86184K, committed 86912K, reserved 1130496K
  class space    used 10856K, committed 11136K, reserved 1048576K
}
Event: 1320.405 GC heap before
{Heap before GC invocations=38 (full 0):
 garbage-first heap   total 156672K, used 82480K [0x00000000b3000000, 0x0000000100000000)
  region size 1024K, 7 young (7168K), 2 survivors (2048K)
 Metaspace       used 86184K, committed 86912K, reserved 1130496K
  class space    used 10856K, committed 11136K, reserved 1048576K
}
Event: 1321.856 GC heap after
{Heap after GC invocations=39 (full 0):
 garbage-first heap   total 156672K, used 75768K [0x00000000b3000000, 0x0000000100000000)
  region size 1024K, 1 young (1024K), 1 survivors (1024K)
 Metaspace       used 86184K, committed 86912K, reserved 1130496K
  class space    used 10856K, committed 11136K, reserved 1048576K
}

